Pidgin Debug Log : 2011-8-16 15:52:22
(15:52:02) account: Connecting to account forward_day@hotmail.com.
(15:52:02) connection: Connecting. gc = 02813A08
(15:52:02) msn: new httpconn (02912400)
(15:52:02) dnsquery: Performing DNS lookup for 122.49.0.200
(15:52:02) dnsquery: IP resolved for 122.49.0.200
(15:52:02) proxy: Attempting connection to 122.49.0.200
(15:52:02) proxy: Connecting to messenger.hotmail.com:1863 via 122.49.0.200:9283 using HTTP
(15:52:02) proxy: Connection in progress
(15:52:02) proxy: Connected to messenger.hotmail.com:1863.
(15:52:02) proxy: Using CONNECT tunneling for messenger.hotmail.com:1863
(15:52:02) proxy: HTTP proxy connection established
(15:52:02) proxy: Connected to messenger.hotmail.com:1863.
(15:52:02) msn: C: NS 000: VER 1 MSNP15 CVR0
(15:52:02) msn: S: NS 000: VER 1 MSNP15
(15:52:02) msn: C: NS 000: CVR 2 0x0409 winnt 5.1 i386 MSNMSGR 8.5.1302 BC01 forward_day@hotmail.com
(15:52:03) util: Writing file accounts.xml to directory C:\Documents and Settings\zsx\Application Data\.purple
(15:52:03) util: Writing file C:\Documents and Settings\zsx\Application Data\.purple\accounts.xml
(15:52:03) util: Writing file blist.xml to directory C:\Documents and Settings\zsx\Application Data\.purple
(15:52:03) util: Writing file C:\Documents and Settings\zsx\Application Data\.purple\blist.xml
(15:52:03) msn: S: NS 000: CVR 2 14.0.8117 14.0.8117 14.0.8117 http://msgruser.dlservice.microsoft.com/download/A/6/1/A616CCD4-B0CA-4A3D-B975-3EDB38081B38/en/wlsetup-cvr.exe http://download.live.com/?sku=messenger
(15:52:03) msn: C: NS 000: USR 3 SSO I forward_day@hotmail.com
(15:52:03) msn: S: NS 000: XFR 3 NS 64.4.61.93:1863 U D
(15:52:03) dnsquery: Performing DNS lookup for 122.49.0.200
(15:52:03) dnsquery: IP resolved for 122.49.0.200
(15:52:03) proxy: Attempting connection to 122.49.0.200
(15:52:03) proxy: Connecting to 64.4.61.93:1863 via 122.49.0.200:9283 using HTTP
(15:52:03) proxy: Connection in progress
(15:52:03) proxy: Connected to 64.4.61.93:1863.
(15:52:03) proxy: Using CONNECT tunneling for 64.4.61.93:1863
(15:52:03) proxy: HTTP proxy connection established
(15:52:03) proxy: Connected to 64.4.61.93:1863.
(15:52:03) msn: C: NS 000: VER 4 MSNP15 CVR0
(15:52:03) msn: S: NS 000: VER 4 MSNP15
(15:52:03) msn: C: NS 000: CVR 5 0x0409 winnt 5.1 i386 MSNMSGR 8.5.1302 BC01 forward_day@hotmail.com
(15:52:04) msn: S: NS 000: CVR 5 14.0.8117 14.0.8117 14.0.8117 http://msgruser.dlservice.microsoft.com/download/A/6/1/A616CCD4-B0CA-4A3D-B975-3EDB38081B38/en/wlsetup-cvr.exe http://download.live.com/?sku=messenger
(15:52:04) msn: C: NS 000: USR 6 SSO I forward_day@hotmail.com
(15:52:04) msn: S: NS 000: GCF 0 5700
(15:52:04) msn: Processing GCF command
(15:52:04) msn: S: NS 000: USR 6 SSO S MBI_KEY 6/oVo6XdNkV6tNy4Hk7I94KF9KHVoVNwjujq+BwTUmGevBq0aJTBdbswoEkoUUnB
(15:52:04) msn: Starting Windows Live ID authentication
(15:52:04) msn: Logging on forward_day@hotmail.com, with policy 'MBI_KEY', nonce '6/oVo6XdNkV6tNy4Hk7I94KF9KHVoVNwjujq+BwTUmGevBq0aJTBdbswoEkoUUnB'
(15:52:04) dnsquery: Performing DNS lookup for 122.49.0.200
(15:52:04) dnsquery: IP resolved for 122.49.0.200
(15:52:04) proxy: Attempting connection to 122.49.0.200
(15:52:04) proxy: Connecting to login.live.com:443 via 122.49.0.200:9283 using HTTP
(15:52:04) proxy: Connection in progress
(15:52:04) proxy: Connected to login.live.com:443.
(15:52:04) proxy: Using CONNECT tunneling for login.live.com:443
(15:52:04) proxy: HTTP proxy connection established
(15:52:04) proxy: Connected to login.live.com:443.
(15:52:06) nss: subject=CN=login.live.com,OU=Passport,O=Microsoft Corporation,OID.2.5.4.9=One Microsoft Way,L=Redmond,ST=Washington,postalCode=98052,C=US,serialNumber=600413485,OID.2.5.4.15=Private Organization,OID.1.3.6.1.4.1.311.60.2.1.2=Washington,OID.1.3.6.1.4.1.311.60.2.1.3=US issuer=CN=VeriSign Class 3 Extended Validation SSL CA,OU=Terms of use at https://www.verisign.com/rpa (c)06,OU=VeriSign Trust Network,O="VeriSign, Inc.",C=US
(15:52:06) nss: subject=CN=VeriSign Class 3 Extended Validation SSL CA,OU=Terms of use at https://www.verisign.com/rpa (c)06,OU=VeriSign Trust Network,O="VeriSign, Inc.",C=US issuer=CN=VeriSign Class 3 Public Primary Certification Authority - G5,OU="(c) 2006 VeriSign, Inc. - For authorized use only",OU=VeriSign Trust Network,O="VeriSign, Inc.",C=US
(15:52:06) nss: subject=CN=VeriSign Class 3 Public Primary Certification Authority - G5,OU="(c) 2006 VeriSign, Inc. - For authorized use only",OU=VeriSign Trust Network,O="VeriSign, Inc.",C=US issuer=CN=VeriSign Class 3 Public Primary Certification Authority - G5,OU="(c) 2006 VeriSign, Inc. - For authorized use only",OU=VeriSign Trust Network,O="VeriSign, Inc.",C=US
(15:52:06) certificate/x509/tls_cached: Starting verify for login.live.com
(15:52:06) certificate/x509/tls_cached: Checking for cached cert...
(15:52:06) certificate/x509/tls_cached: ...Found cached cert
(15:52:06) nss/x509: Loading certificate from C:\Documents and Settings\zsx\Application Data\.purple\certificates\x509\tls_peers\login.live.com
(15:52:06) certificate/x509/tls_cached: Peer cert matched cached
(15:52:06) nss/x509: Exporting certificate to C:\Documents and Settings\zsx\Application Data\.purple\certificates\x509\tls_peers\login.live.com
(15:52:06) util: Writing file C:\Documents and Settings\zsx\Application Data\.purple\certificates\x509\tls_peers\login.live.com
(15:52:06) certificate: Successfully verified certificate for login.live.com
(15:52:06) soap: Sending secure request.
(15:52:06) soap: read 351 bytes
(15:52:06) soap: Received secure request.
(15:52:06) soap: Received secure request.
(15:52:06) soap: Received secure request.
(15:52:06) soap: Received secure request.
(15:52:06) soap: read 14889 bytes
(15:52:06) soap: Received secure request.
(15:52:06) msn: Updated ticket for domain 'messengerclear.live.com', expires at 1313509954.
(15:52:06) msn: Updated ticket for domain 'messenger.msn.com', expires at 1313481194.
(15:52:06) msn: Updated ticket for domain 'contacts.msn.com', expires at 1313509954.
(15:52:06) msn: Updated ticket for domain 'messengersecure.live.com', expires at 1313567554.
(15:52:06) msn: Updated ticket for domain 'spaces.live.com', expires at 1313509954.
(15:52:06) msn: Updated ticket for domain 'livecontacts.live.com', expires at 1313509954.
(15:52:06) msn: Updated ticket for domain 'storage.live.com', expires at 1313509954.
(15:52:06) msn: C: NS 000: USR 7 SSO S t=EwAIAswbAQAUs1/VcBU2sH7mwYy3BysWZ71CRDGAAFK3+xbDVfYX/A02k6hiT2SqEUWeNJt9A6uK2OovAJkP62pg2DDPOnbeVYBAp35AlJnCvZx06y3YIX1psS6xxDGqkDelehPqSzT09UTa7tOwUq989ppR7x6ZUHx2eOJdfNt2HH2WWm/sBKibal8edUSMjvIyIFAo0F34yZE712F0A2YAAAh0mXQEWSvt1lgBzl1SdXHRFq45z7xbcnAcUXQC15aqu2TCCpkd3BQ6EVXqtoqXQup720W4K8gjqu5yNpEgoZNCBPfpdsklPDLdbxy3H+UEfMOGAbhMgBQJd0euL9nnRNrXNfd3MhTF8TE13Nk8RTcj+kBYqKYlgBwGd0pi8Oj+mp3ZYFbmPLBafvbUl9JDaJJEcT7eapIk8+l/dUobo6x7jzypTYvGGDV2MqEHj2/YkU0Rz2WB69PwRtoqdmYyMzb76Ce6wYtt0dqVUpw4G5DqVlerUiCl/bKboUYCn+s/VGPAViBiuPYEz3txh3c4XT8NThmcPU/LqZR8lP8KFDQAmjnzVAsx6OBn7pZdVYnS1nihGq1VNc2k6VZRKwCtef8fbb5PPpTZTIcgSo/663Pu2nBmXlvd9dHDNpbwjSLMruY9+pJP/eIzZzA2HubHqYKC9ZGZQ7pqYi8mckkGtsb4ifmBAQ==&p= HAAAAAEAAAADZgAABIAAAAgAAAAUAAAASAAAAFQ6AADQbQAAPHo/u4K9vTtWoKbOrY/PUwfVZVnLgK42Dw0TzBeHDg+3PubZ4/P4SVsD8X6lBy4u0pqWIIIcL0x+xYPNym7MhiP4UhT1SOFG7SASmfcF8KQZSUxQnWaUH+m6/48=
(15:52:07) msn: S: NS 000: USR 7 OK forward_day@hotmail.com 1 0
(15:52:07) msn: S: NS 000: SBS 0 null
(15:52:07) msn: Processing SBS... 
(15:52:07) msn: S: NS 000: MSG Hotmail Hotmail 1114
(15:52:07) msn: Processing MSG... 
(15:52:07) msn: Getting Contact List.
(15:52:07) dnsquery: Performing DNS lookup for 122.49.0.200
(15:52:07) dnsquery: IP resolved for 122.49.0.200
(15:52:07) proxy: Attempting connection to 122.49.0.200
(15:52:07) proxy: Connecting to omega.contacts.msn.com:443 via 122.49.0.200:9283 using HTTP
(15:52:07) proxy: Connection in progress
(15:52:07) proxy: Connected to omega.contacts.msn.com:443.
(15:52:07) proxy: Using CONNECT tunneling for omega.contacts.msn.com:443
(15:52:07) proxy: HTTP proxy connection established
(15:52:07) proxy: Connected to omega.contacts.msn.com:443.
(15:52:08) nss: subject=CN=contacts.msn.com issuer=CN=Microsoft Secure Server Authority,DC=redmond,DC=corp,DC=microsoft,DC=com
(15:52:08) nss: subject=CN=Microsoft Secure Server Authority,DC=redmond,DC=corp,DC=microsoft,DC=com issuer=CN=Microsoft Internet Authority
(15:52:08) nss: subject=CN=Microsoft Internet Authority issuer=CN=GTE CyberTrust Global Root,OU="GTE CyberTrust Solutions, Inc.",O=GTE Corporation,C=US
(15:52:08) nss: subject=CN=GTE CyberTrust Global Root,OU="GTE CyberTrust Solutions, Inc.",O=GTE Corporation,C=US issuer=CN=GTE CyberTrust Global Root,OU="GTE CyberTrust Solutions, Inc.",O=GTE Corporation,C=US
(15:52:08) certificate/x509/tls_cached: Starting verify for omega.contacts.msn.com
(15:52:08) certificate/x509/tls_cached: Checking for cached cert...
(15:52:08) certificate/x509/tls_cached: ...Found cached cert
(15:52:08) nss/x509: Loading certificate from C:\Documents and Settings\zsx\Application Data\.purple\certificates\x509\tls_peers\omega.contacts.msn.com
(15:52:08) certificate/x509/tls_cached: Peer cert matched cached
(15:52:08) nss/x509: Exporting certificate to C:\Documents and Settings\zsx\Application Data\.purple\certificates\x509\tls_peers\omega.contacts.msn.com
(15:52:08) util: Writing file C:\Documents and Settings\zsx\Application Data\.purple\certificates\x509\tls_peers\omega.contacts.msn.com
(15:52:08) certificate: Successfully verified certificate for omega.contacts.msn.com
(15:52:08) soap: POST //abservice/SharingService.asmx HTTP/1.1SOAPAction: http://www.msn.com/webservices/AddressBook/FindMembershipContent-Type:text/xml; charset=utf-8User-Agent: Mozilla/4.0 (compatible; MSIE 6.0; Windows NT 5.1)Accept: */*Host: omega.contacts.msn.comContent-Length: 2167Connection: Keep-AliveCache-Control: no-cache<soap:Envelope xmlns:soap='http://schemas.xmlsoap.org/soap/envelope/'><soap:Header xmlns:soap='http://schemas.xmlsoap.org/soap/envelope/'><ABApplicationHeader xmlns='http://www.msn.com/webservices/AddressBook'><ApplicationId xmlns='http://www.msn.com/webservices/AddressBook'>CFE80F9D-180F-4399-82AB-413F33A1FA11</ApplicationId><IsMigration xmlns='http://www.msn.com/webservices/AddressBook'>false</IsMigration><PartnerScenario xmlns='http://www.msn.com/webservices/AddressBook'>Initial</PartnerScenario></ABApplicationHeader><ABAuthHeader xmlns='http://www.msn.com/webservices/AddressBook'><ManagedGroupRequest xmlns='http://www.msn.com/webservices/AddressBook'>false</ManagedGroupRequest><TicketToken>t=EwDoAcBdAAAURnMnP0xNtZi9ugdf902M4Br/7wKAANdUOWVIql3hBZWhUeypBpidE8eDDP88WiHxdGiaH15MdZMRQm2eG2yWBW/oBKxJJmxFA8IOjZOnDPChPW2Q3ZtxLMGteCpl6QKr2Dc1DWBJBkm8HLkyFmt7aQWfQSy1JycoHjleJDLHj/re2Y2xbB4r2Bw+DPlGZlEY61z71G81A2YAAAjn7xmhl4FjEzgBro49qLwZXQ6+XBdl4hatB1E/x3SOTmD/F8fJP5AFics1OZlaKzNTbFOl/Y8NmvE5xHq2L5ydVGf5mE4gkW2K//4JuUJlTLc0+YCSu7Knr8d9UculVeEfDtfVxfapC7pzTghsrsqvf5BsSG/46MXfV1Cbpwlasu+xq+Z9Q2VMATPOENUFU8xgSBw8bZz223gLplUIdITyj+Frm1uMh8IZUewIL+eg/EQBQyqVAiqEz+CoCLF2ZkSoXgXOxVQvQ1wXm6j6S4NxD1Cv2bsE7dphVhYLrnHlBJmveISENpwD4MmsmNGT3mGqxgs6Nvjt0QetwpUqtZQkJcD/OMQMngSMnZMUKLqPr7Zdjl6w7JBorBnqdZGrtei7NgdWSL67xbwKgh73bWSkB/+CtBuwuFqdrk9KFA99pmvpYQE=&amp;p=</TicketToken></ABAuthHeader></soap:Header><soap:Body xmlns:soap='http://schemas.xmlsoap.org/soap/envelope/'><FindMembership xmlns='http://www.msn.com/webservices/AddressBook'><serviceFilter xmlns='http://www.msn.com/webservices/AddressBook'><Types xmlns='http://www.msn.com/webservices/AddressBook'><ServiceType xmlns='http://www.msn.com/webservices/AddressBook'>Messenger</ServiceType><ServiceType xmlns='http://www.msn.com/webservices/AddressBook'>Invitation</ServiceType><ServiceType xmlns='http://www.msn.com/webservices/AddressBook'>SocialNetwork</ServiceType><ServiceType xmlns='http://www.msn.com/webservices/AddressBook'>Space</ServiceType><ServiceType xmlns='http://www.msn.com/webservices/AddressBook'>Profile</ServiceType></Types></serviceFilter></FindMembership></soap:Body></soap:Envelope>
(15:52:09) soap: read 16384 bytes
(15:52:09) soap: current HTTP/1.1 200 OKCache-Control: private, max-age=0Content-Length: 21177Content-Type: text/xml; charset=utf-8X-MSNSERVER: BY2CDP5013119X-AspNet-Version: 4.0.30319Date: Tue, 16 Aug 2011 07:51:54 GMT<?xml version="1.0" encoding="utf-8"?><soap:Envelope xmlns:soap="http://schemas.xmlsoap.org/soap/envelope/" xmlns:xsi="http://www.w3.org/2001/XMLSchema-instance" xmlns:xsd="http://www.w3.org/2001/XMLSchema"><soap:Header><ServiceHeader xmlns="http://www.msn.com/webservices/AddressBook"><Version>16.01.1802.0000</Version><CacheKey>14r2;SzSeYN0cT9yMnv0MKEDhxkFkzT+nF286QlcJZZ1Cxp83Bgln3Q4k8IQsmdk54KzP3AnJd7YFlTMS8k484Dt+cCOpmVaZQ4vE2HMClIlrj8tfxr+Ro3+0h7fpTsjB5uW7qTWpxzfeN0xWc8c8TFrCklLB9cE+7ZaT24BDm7jLpVY=</CacheKey><CacheKeyChanged>true</CacheKeyChanged><PreferredHostName>proxy-bay.contacts.msn.com</PreferredHostName><SessionId>ABCH.0e457ffa-1bb6-4554-a073-f3108ed53c24</SessionId></ServiceHeader></soap:Header><soap:Body><FindMembershipResponse xmlns="http://www.msn.com/webservices/AddressBook"><FindMembershipResult><Services><Service><Memberships><Membership><MemberRole>Allow</MemberRole><Members><Member xsi:type="PassportMember"><MembershipId>64</MembershipId><Type>Passport</Type><State>Accepted</State><Deleted>false</Deleted><LastChanged>2010-10-11T20:26:42.533-07:00</LastChanged><JoinedDate>0001-01-01T00:00:00-08:00</JoinedDate><ExpirationDate>0001-01-01T00:00:00</ExpirationDate><Changes /><PassportName>heshanlily@hotmail.com</PassportName><IsPassportNameHidden>false</IsPassportNameHidden><PassportId>0</PassportId><CID>7360734171765726922</CID><PassportChanges /><LookedupByCID>false</LookedupByCID></Member><Member xsi:type="PassportMember"><MembershipId>67</MembershipId><Type>Passport</Type><State>Accepted</State><Deleted>false</Deleted><LastChanged>2010-10-11T20:26:43.843-07:00</LastChanged><JoinedDate>0001-01-01T00:00:00-08:00</JoinedDate><ExpirationDate>0001-01-01T00:00:00</ExpirationDate><Changes /><PassportName>frongy_98@hotmail.com</PassportName><IsPassportNameHidden>false</IsPassportNameHidden><PassportId>0</PassportId><CID>3822024252697938860</CID><PassportChanges /><LookedupByCID>false</LookedupByCID></Member><Member xsi:type="PassportMember"><MembershipId>51</MembershipId><Type>Passport</Type><State>Accepted</State><Deleted>false</Deleted><LastChanged>2010-08-27T00:45:37.957-07:00</LastChanged><JoinedDate>2010-08-27T00:45:37.957-07:00</JoinedDate><ExpirationDate>0001-01-01T00:00:00</ExpirationDate><Changes /><PassportName>shark_yang@hotmail.com</PassportName><IsPassportNameHidden>false</IsPassportNameHidden><PassportId>0</PassportId><CID>1585805371796925330</CID><PassportChanges /><LookedupByCID>false</LookedupByCID></Member><Member xsi:type="PassportMember"><MembershipId>52</MembershipId><Type>Passport</Type><State>Accepted</State><Deleted>false</Deleted><LastChanged>2010-08-27T00:45:37.96-07:00</LastChanged><JoinedDate>2010-08-27T00:45:37.957-07:00</JoinedDate><ExpirationDate>0001-01-01T00:00:00</ExpirationDate><Changes /><PassportName>henrydai1973@hotmail.com</PassportName><IsPassportNameHidden>false</IsPassportNameHidden><PassportId>0</PassportId><CID>4499305347088648949</CID><PassportChanges /><LookedupByCID>false</LookedupByCID></Member><Member xsi:type="PassportMember"><MembershipId>53</MembershipId><Type>Passport</Type><State>Accepted</State><Deleted>false</Deleted><LastChanged>2010-08-27T00:45:37.96-07:00</LastChanged><JoinedDate>2010-08-27T00:45:37.957-07:00</JoinedDate><ExpirationDate>0001-01-01T00:00:00</ExpirationDate><Changes /><PassportName>zhengshuxin@hotmail.com</PassportName><IsPassportNameHidden>false</IsPassportNameHidden><PassportId>0</PassportId><CID>3950633472353544203</CID><PassportChanges /><LookedupByCID>false</LookedupByCID></Member><Member xsi:type="PassportMember"><MembershipId>54</MembershipId><Type>Passport</Type><State>Accepted</State><Deleted>false</Deleted><LastChanged>2010-08-27T00:45:37.963-07:00</LastChanged><JoinedDate>2010-08-27T00:45:37.957-07:00</JoinedDate><ExpirationDate>0001-01-01T00:00:00</ExpirationDate><Changes /><PassportName>kirk1368@hotmail.com</PassportName><IsPassportNameHidden>false</IsPassportNameHidden><PassportId>0</PassportId><CID>1835074188636858766</CID><PassportChanges /><LookedupByCID>false</LookedupByCID></Member><Member xsi:type="PassportMember"><MembershipId>55</MembershipId><Type>Passport</Type><State>Accepted</State><Deleted>false</Deleted><LastChanged>2010-08-27T00:45:37.963-07:00</LastChanged><JoinedDate>2010-08-27T00:45:37.957-07:00</JoinedDate><ExpirationDate>0001-01-01T00:00:00</ExpirationDate><Changes /><PassportName>brush_7color@hotmail.com</PassportName><IsPassportNameHidden>false</IsPassportNameHidden><PassportId>0</PassportId><CID>-4845852707641011127</CID><PassportChanges /><LookedupByCID>false</LookedupByCID></Member><Member xsi:type="PassportMember"><MembershipId>56</MembershipId><Type>Passport</Type><State>Accepted</State><Deleted>false</Deleted><LastChanged>2010-08-27T00:45:37.967-07:00</LastChanged><JoinedDate>2010-08-27T00:45:37.957-07:00</JoinedDate><ExpirationDate>0001-01-01T00:00:00</ExpirationDate><Changes /><PassportName>yu_do_do@hotmail.com</PassportName><IsPassportNameHidden>false</IsPassportNameHidden><PassportId>0</PassportId><CID>5437599909736507504</CID><PassportChanges /><LookedupByCID>false</LookedupByCID></Member><Member xsi:type="PassportMember"><MembershipId>57</MembershipId><Type>Passport</Type><State>Accepted</State><Deleted>false</Deleted><LastChanged>2010-08-27T00:45:37.967-07:00</LastChanged><JoinedDate>2010-08-27T00:45:37.957-07:00</JoinedDate><ExpirationDate>0001-01-01T00:00:00</ExpirationDate><Changes /><PassportName>land_beijing@msn.com</PassportName><IsPassportNameHidden>false</IsPassportNameHidden><PassportId>0</PassportId><CID>7697912028934171309</CID><PassportChanges /><LookedupByCID>false</LookedupByCID></Member><Member xsi:type="PassportMember"><MembershipId>58</MembershipId><Type>Passport</Type><State>Accepted</State><Deleted>false</Deleted><LastChanged>2010-08-27T00:45:37.97-07:00</LastChanged><JoinedDate>2010-08-27T00:45:37.957-07:00</JoinedDate><ExpirationDate>0001-01-01T00:00:00</ExpirationDate><Changes /><PassportName>cbuiler_guo@hotmail.com</PassportName><IsPassportNameHidden>false</IsPassportNameHidden><PassportId>0</PassportId><CID>-7007662425065893143</CID><PassportChanges /><LookedupByCID>false</LookedupByCID></Member><Member xsi:type="PassportMember"><MembershipId>59</MembershipId><Type>Passport</Type><State>Accepted</State><Deleted>false</Deleted><LastChanged>2010-08-27T00:45:37.97-07:00</LastChanged><JoinedDate>2010-08-27T00:45:37.957-07:00</JoinedDate><ExpirationDate>0001-01-01T00:00:00</ExpirationDate><Changes /><PassportName>chyh00@hotmail.com</PassportName><IsPassportNameHidden>false</IsPassportNameHidden><PassportId>0</PassportId><CID>-2863075367628744431</CID><PassportChanges /><LookedupByCID>false</LookedupByCID></Member><Member xsi:type="EmailMember"><MembershipId>0</MembershipId><Type>Email</Type><State>Accepted</State><Annotations><Annotation><Name>MSN.IM.BuddyType</Name><Value>02:</Value></Annotation></Annotations><Deleted>false</Deleted><LastChanged>0001-01-01T00:00:00</LastChanged><JoinedDate>0001-01-01T00:00:00</JoinedDate><ExpirationDate>0001-01-01T00:00:00</ExpirationDate><Changes /><Email>support.service@live.com</Email></Member></Members><MembershipIsComplete>true</MembershipIsComplete></Membership><Membership><MemberRole>Block</MemberRole><Members><Member xsi:type="PassportMember"><MembershipId>29</MembershipId><Type>Passport</Type><State>Accepted</State><Deleted>false</Deleted><LastChanged>2006-04-10T18:20:21.417-07:00</LastChanged><JoinedDate>0001-01-01T00:00:00-08:00</JoinedDate><ExpirationDate>0001-01-01T00:00:00</ExpirationDate><Changes /><PassportName>sun_ge@hotmail.com</PassportName><IsPassportNameHidden>false</IsPassportNameHidden><PassportId>0</PassportId><CID>-4237631543657376339</CID><PassportChanges /><LookedupByCID>false</LookedupByCID></Member></Members><MembershipIsComplete>true</MembershipIsComplete></Membership><Membership><MemberRole>Reverse</MemberRole><Members><Member xsi:type="PassportMember"><MembershipId>3</MembershipId><Type>Passport</Type><State>Accepted</State><Deleted>false</Deleted><LastChanged>2005-02-14T22:35:12.95-08:00</LastChanged><JoinedDate>0001-01-01T00:00:00-08:00</JoinedDate><ExpirationDate>0001-01-01T00:00:00</ExpirationDate><Changes /><PassportName>henrydai1973@hotmail.com</PassportName><IsPassportNameHidden>false</IsPassportNameHidden><PassportId>0</PassportId><CID>4499305347088648949</CID><PassportChanges /><LookedupByCID>false</LookedupByCID></Member><Member xsi:type="PassportMember"><MembershipId>5</MembershipId><Type>Passport</Type><DisplayName>何俊松</DisplayName><State>Accepted</State><Deleted>false</Deleted><LastChanged>2005-04-13T02:03:33.097-07:00</LastChanged><JoinedDate>0001-01-01T00:00:00-08:00</JoinedDate><ExpirationDate>0001-01-01T00:00:00</ExpirationDate><Changes /><PassportName>kirk1368@hotmail.com</PassportName><IsPassportNameHidden>false</IsPassportNameHidden><PassportId>0</PassportId><CID>1835074188636858766</CID><PassportChanges /><LookedupByCID>false</LookedupByCID></Member><Member xsi:type="PassportMember"><MembershipId>7</MembershipId><Type>Passport</Type><DisplayName>杨扬(君子以自强不息)</DisplayName><State>Accepted</State><Deleted>false</Deleted><LastChanged>2005-04-13T02:04:59.037-07:00</LastChanged><JoinedDate>0001-01-01T00:00:00-08:00</JoinedDate><ExpirationDate>0001-01-01T00:00:00</ExpirationDate><Changes /><PassportName>shark_yang@hotmail.com</PassportName><IsPassportNameHidden>false</IsPassportNameHidden><PassportId>0</PassportId><CID>1585805371796925330</CID><PassportChanges /><LookedupByCID>false</LookedupByCID></Member><Member xsi:type="PassportMember"><MembershipId>14</MembershipId><Type>Passport</Type><DisplayName>Land</DisplayName><State>Accepted</State><Deleted>false</Deleted><LastChanged>2005-04-14T01:35:11.85-07:00</LastChanged><JoinedDate>0001-01-01T00:00:00-08:00</JoinedDate><ExpirationDate>0001-01-01T00:00:00</ExpirationDate><Changes /><PassportName>land_beijing@msn.com</PassportName><IsPassportNameHidden>false</IsPassportNameHidden><PassportId>0</PassportId><CID>7697912028934171309</CID><PassportChanges /><LookedupByCID>false</LookedupByCID></Member><Member xsi:type="PassportMember"><MembershipId>17</MembershipId><Type>Passport</Type><State>Accepted</State><Deleted>false</Deleted><LastChanged>2005-04-14T19:52:11.653-07:00</LastChanged><JoinedDate>0001-01-01T00:00:00-08:00</JoinedDate><ExpirationDate>0001-01-01T00:00:00</ExpirationDate><Changes /><PassportName>yu_do_do@hotmail.com</PassportName><IsPassportNameHidden>false</IsPassportNameHidden><PassportId>0</PassportId><CID>5437599909736507504</CID><PassportChanges /><LookedupByCID>false</LookedupByCID></Member><Member xsi:type="PassportMember"><MembershipId>26</MembershipId><Type>Passport</Type><State>Accepted</State><Deleted>false</Deleted><LastChanged>2005-08-15T22:17:24.693-07:00</LastChanged><JoinedDate>0001-01-01T00:00:00-08:00</JoinedDate><ExpirationDate>0001-01-01T00:00:00</ExpirationDate><Changes /><PassportName>zhengshuxin@hotmail.com</PassportName><IsPassportNameHidden>false</IsPassportNameHidden><PassportId>0</PassportId><CID>3950633472353544203</CID><PassportChanges /><LookedupByCID>false</LookedupByCID></Member><Member xsi:type="PassportMember"><MembershipId>32</MembershipId><Type>Passport</Type><State>Accepted</State><Deleted>false</Deleted><LastChanged>2006-08-11T02:51:38.317-07:00</LastChanged><JoinedDate>0001-01-01T00:00:00-08:00</JoinedDate><ExpirationDate>0001-01-01T00:00:00</ExpirationDate><Changes /><PassportName>heshanlily@hotmail.com</PassportName><IsPassportNameHidden>false</IsPassportNameHidden><PassportId>0</PassportId><CID>7360734171765726922</CID><PassportChanges /><LookedupByCID>false</LookedupByCID></Member><Member xsi:type="PassportMember"><MembershipId>33</MembershipId><Type>Passport</Type><DisplayName>chyh00@hotmail.com</DisplayName><State>Accepted</State><Deleted>false</Deleted><LastChanged>2007-08-02T00:10:54.17-07:00</LastChanged><JoinedDate>0001-01-01T00:00:00-08:00</JoinedDate><ExpirationDate>0001-01-01T00:00:00</ExpirationDate><Changes /><PassportName>chyh00@hotmail.com</PassportName><IsPassportNameHidden>false</IsPassportNameHidden><PassportId>0</PassportId><CID>-2863075367628744431</CID><PassportChanges /><LookedupByCID>false</LookedupByCID></Member><Member xsi:type="PassportMember"><MembershipId>36</MembershipId><Type>Passport</Type><State>Accepted</State><Deleted>false</Deleted><LastChanged>2009-11-19T00:10:31.403-08:00</LastChanged><JoinedDate>2009-11-19T00:10:31.233-08:00</JoinedDate><ExpirationDate>0001-01-01T00:00:00</ExpirationDate><Changes /><PassportName>frongy_98@hotmail.com</PassportName><IsPassportNameHidden>false</IsPassportNameHidden><PassportId>0</PassportId><CID>3822024252697938860</CID><PassportChanges /><LookedupByCID>false</LookedupByCID></Member></Members><MembershipIsComplete>true</MembershipIsComplete></Membership></Memberships><Info><Handle><Id>1</Id><Type>Messenger</Type><ForeignId /></Handle><InverseRequired>false</InverseRequired><AuthorizationCriteria>Everyone</AuthorizationCriteria><IsBot>false</IsBot></Info><Changes /><LastChange>2011-04-10T07:48:22.01-07:00</LastChange><CreatedDate>0001-01-01T00:00:00-08:00</CreatedDate><Deleted>false</Deleted></Service><Service><Memberships><Membership><MemberRole>ProfileEducation</MemberRole><Members><Member xsi:type="EveryoneMember"><MembershipId>46</MembershipId><Type>Everyone</Type><State>Accepted</State><Deleted>false</Deleted><LastChanged>2010-08-27T00:45:37.843-07:00</LastChanged><JoinedDate>2010-08-27T00:45:37.413-07:00</JoinedDate><ExpirationDate>0001-01-01T00:00:00</ExpirationDate><Changes /></Member></Members><MembershipIsComplete>true</MembershipIsComplete></Membership><Membership><MemberRole>ProfileGeneral</MemberRole><Members><Member xsi:type="EveryoneMember"><MembershipId>38</MembershipId><Type>Everyone</Type><State>Accepted</State><Deleted>false</Deleted><LastChanged>2010-08-27T00:45:37.82-07:00</LastChanged><JoinedDate>2010-08-27T00:45:37.397-07:00</JoinedDate><ExpirationDate>0001-01-01T00:00:00</ExpirationDate><Changes /></Member></Members><MembershipIsComplete>true</MembershipIsComplete></Membership><Membership><MemberRole>ProfilePersonalContact</MemberRole><Members><Member xsi:type="RoleMember"><MembershipId>43</MembershipId><Type>Role</Type><State>Accepted</State><Deleted>false</Deleted><LastChanged>2010-08-27T00:45:37.837-07:00</LastChanged><JoinedDate>2010-08-27T00:45:37.413-07:00</JoinedDate><ExpirationDate>0001-01-01T00:00:00</ExpirationDate><Changes /><Id>Level3</Id><DefiningService><Id>0</Id><Type>AddressBook</Type><ForeignId /></DefiningService><MaxRoleRecursionDepth>1</MaxRoleRecursionDepth><MaxDegreesSeparation>0</MaxDegreesSeparation></Member></Members><MembershipIsComplete>true</MembershipIsComplete></Membership><Membership><MemberRole>ProfileProfessionalContact</MemberRole><Members><Member xsi:type="RoleMember"><MembershipId>45</MembershipId><Type>Role</Type><State>Accepted</State><Deleted>false</Deleted><LastChanged>2010-08-27T00:45:37.84-07:00</LastChanged><JoinedDate>2010-08-27T00:45:37.413-07:00</JoinedDate><ExpirationDate>0001-01-01T00:00:00</ExpirationDate><Changes /><Id>Level3</Id><DefiningService><Id>0</Id><Type>AddressBook</Type><ForeignId /></DefiningService><MaxRoleRecursionDepth>1</MaxRoleRecursionDepth><MaxDegreesSeparation>0</MaxDegreesSeparation></Member></Members><MembershipIsComplete>true</MembershipIsComplete></Membership><Membership><MemberRole>ProfileSocial</MemberRole><Members><Member xsi:type="EveryoneMember"><MembershipId>44</MembershipId><Type>Everyone</Type><State>Accepted</State><Deleted>false</Deleted><LastChanged>2010-08-27T00:45:37.84-07:00</LastChanged><JoinedDate>2010-08-27T00:45:37.413-07:00</JoinedDate><ExpirationDate>0001-01-01T00:00:00</ExpirationDate><Changes /></Member></Members><MembershipIsComplete>true</MembershipIsComplete></Membership><Membership><MemberRole>ProfileExpression</MemberRole><Members><Member xsi:type="RoleMember"><MembershipId>41</MembershipId><Type>Role</Type><State>Accepted</State><Deleted>false</Deleted><LastChanged>2010-08-27T00:45:37.83-07:00</LastChanged><JoinedDate>2010-08-27T00:45:37.397-07:00</JoinedDate><ExpirationDate>0001-01-01T00:00:00</ExpirationDate><Changes
(15:52:09) soap: read 5003 bytes
(15:52:09) soap: current  /><Id>Level3</Id><DefiningService><Id>0</Id><Type>AddressBook</Type><ForeignId /></DefiningService><MaxRoleRecursionDepth>1</MaxRoleRecursionDepth><MaxDegreesSeparation>0</MaxDegreesSeparation></Member><Member xsi:type="RoleMember"><MembershipId>61</MembershipId><Type>Role</Type><State>Accepted</State><Deleted>false</Deleted><LastChanged>2010-08-27T00:45:42.873-07:00</LastChanged><JoinedDate>2010-08-27T00:45:42.903-07:00</JoinedDate><ExpirationDate>0001-01-01T00:00:00</ExpirationDate><Changes /><Id>Allow</Id><DefiningService><Id>0</Id><Type>Messenger</Type><ForeignId /></DefiningService><MaxRoleRecursionDepth>0</MaxRoleRecursionDepth><MaxDegreesSeparation>0</MaxDegreesSeparation></Member></Members><MembershipIsComplete>true</MembershipIsComplete></Membership><Membership><MemberRole>WebProfileList</MemberRole><Members><Member xsi:type="EveryoneMember"><MembershipId>47</MembershipId><Type>Everyone</Type><State>Accepted</State><Deleted>false</Deleted><LastChanged>2010-08-27T00:45:37.847-07:00</LastChanged><JoinedDate>2010-08-27T00:45:37.413-07:00</JoinedDate><ExpirationDate>0001-01-01T00:00:00</ExpirationDate><Changes /></Member></Members><MembershipIsComplete>true</MembershipIsComplete></Membership><Membership><MemberRole>ApplicationRead</MemberRole><Members><Member xsi:type="PartnerMember"><MembershipId>71</MembershipId><Type>Partner</Type><State>Pending</State><Deleted>false</Deleted><LastChanged>2011-04-10T07:48:21.797-07:00</LastChanged><JoinedDate>2011-04-10T07:48:21.483-07:00</JoinedDate><ExpirationDate>2012-04-09T14:48:00</ExpirationDate><Changes /><AppId>1208227880</AppId><Scope>1</Scope></Member></Members><MembershipIsComplete>true</MembershipIsComplete></Membership><Membership><MemberRole>ApplicationWrite</MemberRole><Members><Member xsi:type="PartnerMember"><MembershipId>70</MembershipId><Type>Partner</Type><State>Pending</State><Deleted>false</Deleted><LastChanged>2011-04-10T07:48:21.793-07:00</LastChanged><JoinedDate>2011-04-10T07:48:21.007-07:00</JoinedDate><ExpirationDate>2012-04-09T14:48:00</ExpirationDate><Changes /><AppId>1208227880</AppId><Scope>1</Scope></Member></Members><MembershipIsComplete>true</MembershipIsComplete></Membership><Membership><MemberRole>ProfilePicture</MemberRole><Members><Member xsi:type="EveryoneMember"><MembershipId>40</MembershipId><Type>Everyone</Type><State>Accepted</State><Deleted>false</Deleted><LastChanged>2010-08-27T00:45:37.827-07:00</LastChanged><JoinedDate>2010-08-27T00:45:37.397-07:00</JoinedDate><ExpirationDate>0001-01-01T00:00:00</ExpirationDate><Changes /></Member></Members><MembershipIsComplete>true</MembershipIsComplete></Membership><Membership><MemberRole>ProfileStatus</MemberRole><Members><Member xsi:type="RoleMember"><MembershipId>39</MembershipId><Type>Role</Type><State>Accepted</State><Deleted>false</Deleted><LastChanged>2010-08-27T00:45:37.823-07:00</LastChanged><JoinedDate>2010-08-27T00:45:37.397-07:00</JoinedDate><ExpirationDate>0001-01-01T00:00:00</ExpirationDate><Changes /><Id>Level3</Id><DefiningService><Id>0</Id><Type>AddressBook</Type><ForeignId /></DefiningService><MaxRoleRecursionDepth>1</MaxRoleRecursionDepth><MaxDegreesSeparation>0</MaxDegreesSeparation></Member></Members><MembershipIsComplete>true</MembershipIsComplete></Membership><Membership><MemberRole>ProfilePage</MemberRole><Members><Member xsi:type="RoleMember"><MembershipId>42</MembershipId><Type>Role</Type><State>Accepted</State><Deleted>false</Deleted><LastChanged>2010-08-27T00:45:37.833-07:00</LastChanged><JoinedDate>2010-08-27T00:45:37.413-07:00</JoinedDate><ExpirationDate>0001-01-01T00:00:00</ExpirationDate><Changes /><Id>Level3</Id><DefiningService><Id>0</Id><Type>AddressBook</Type><ForeignId /></DefiningService><MaxRoleRecursionDepth>1</MaxRoleRecursionDepth><MaxDegreesSeparation>0</MaxDegreesSeparation></Member></Members><MembershipIsComplete>true</MembershipIsComplete></Membership></Memberships><Info><Handle><Id>3</Id><Type>Profile</Type><ForeignId>MyProfile</ForeignId></Handle><DisplayName>ProfileService</DisplayName><InverseRequired>true</InverseRequired><AuthorizationCriteria>Everyone</AuthorizationCriteria><IsBot>false</IsBot></Info><Changes /><LastChange>2011-04-10T07:48:21.797-07:00</LastChange><CreatedDate>2010-08-27T00:45:37.773-07:00</CreatedDate><Deleted>false</Deleted></Service></Services><OwnerNamespace><Info><Handle><Id>00000000-0000-0000-0000-000000000000</Id><IsPassportNameHidden>false</IsPassportNameHidden><CID>0</CID></Handle><CreatorPuid>0</CreatorPuid><CreatorCID>-1624782063226699487</CreatorCID><CreatorPassportName>forward_day@hotmail.com</CreatorPassportName><CircleAttributes><IsPresenceEnabled>false</IsPresenceEnabled><Domain>None</Domain></CircleAttributes><MessengerApplicationServiceCreated>true</MessengerApplicationServiceCreated></Info><Changes /><CreateDate>2005-02-01T02:33:21.243-08:00</CreateDate><LastChange>2011-08-16T00:51:23.843-07:00</LastChange></OwnerNamespace></FindMembershipResult></FindMembershipResponse></soap:Body></soap:Envelope>
(15:52:09) msn: Updated CacheKey for forward_day@hotmail.com to '14r2;SzSeYN0cT9yMnv0MKEDhxkFkzT+nF286QlcJZZ1Cxp83Bgln3Q4k8IQsmdk54KzP3AnJd7YFlTMS8k484Dt+cCOpmVaZQ4vE2HMClIlrj8tfxr+Ro3+0h7fpTsjB5uW7qTWpxzfeN0xWc8c8TFrCklLB9cE+7ZaT24BDm7jLpVY='.
(15:52:09) msn: Got the contact list!
(15:52:09) msn: CL last change: 2011-04-10T07:48:22.01-07:00
(15:52:09) msn: CL MemberRole role: Allow, list: 1
(15:52:09) msn: CL: PassportName name: heshanlily@hotmail.com, Type: Passport, MembershipID: 64, NetworkID: 1
(15:52:09) msn: CL: PassportName name: frongy_98@hotmail.com, Type: Passport, MembershipID: 67, NetworkID: 1
(15:52:09) msn: CL: PassportName name: shark_yang@hotmail.com, Type: Passport, MembershipID: 51, NetworkID: 1
(15:52:09) msn: CL: PassportName name: henrydai1973@hotmail.com, Type: Passport, MembershipID: 52, NetworkID: 1
(15:52:09) msn: CL: PassportName name: zhengshuxin@hotmail.com, Type: Passport, MembershipID: 53, NetworkID: 1
(15:52:09) msn: CL: PassportName name: kirk1368@hotmail.com, Type: Passport, MembershipID: 54, NetworkID: 1
(15:52:09) msn: CL: PassportName name: brush_7color@hotmail.com, Type: Passport, MembershipID: 55, NetworkID: 1
(15:52:09) msn: CL: PassportName name: yu_do_do@hotmail.com, Type: Passport, MembershipID: 56, NetworkID: 1
(15:52:09) msn: CL: PassportName name: land_beijing@msn.com, Type: Passport, MembershipID: 57, NetworkID: 1
(15:52:09) msn: CL: PassportName name: cbuiler_guo@hotmail.com, Type: Passport, MembershipID: 58, NetworkID: 1
(15:52:09) msn: CL: PassportName name: chyh00@hotmail.com, Type: Passport, MembershipID: 59, NetworkID: 1
(15:52:09) msn: CL: Email name: support.service@live.com, Type: Email, MembershipID: 0, NetworkID: 2
(15:52:09) msn: CL MemberRole role: Block, list: 2
(15:52:09) msn: CL: PassportName name: sun_ge@hotmail.com, Type: Passport, MembershipID: 29, NetworkID: 1
(15:52:09) msn: CL MemberRole role: Reverse, list: 3
(15:52:09) msn: CL: PassportName name: henrydai1973@hotmail.com, Type: Passport, MembershipID: 3, NetworkID: 1
(15:52:09) msn: CL: PassportName name: kirk1368@hotmail.com, Type: Passport, MembershipID: 5, NetworkID: 1
(15:52:09) msn: CL: PassportName name: shark_yang@hotmail.com, Type: Passport, MembershipID: 7, NetworkID: 1
(15:52:09) msn: CL: PassportName name: land_beijing@msn.com, Type: Passport, MembershipID: 14, NetworkID: 1
(15:52:09) msn: CL: PassportName name: yu_do_do@hotmail.com, Type: Passport, MembershipID: 17, NetworkID: 1
(15:52:09) msn: CL: PassportName name: zhengshuxin@hotmail.com, Type: Passport, MembershipID: 26, NetworkID: 1
(15:52:09) msn: CL: PassportName name: heshanlily@hotmail.com, Type: Passport, MembershipID: 32, NetworkID: 1
(15:52:09) msn: CL: PassportName name: chyh00@hotmail.com, Type: Passport, MembershipID: 33, NetworkID: 1
(15:52:09) msn: CL: PassportName name: frongy_98@hotmail.com, Type: Passport, MembershipID: 36, NetworkID: 1
(15:52:09) msn: Getting Address Book
(15:52:09) soap: POST //abservice/abservice.asmx HTTP/1.1SOAPAction: http://www.msn.com/webservices/AddressBook/ABFindAllContent-Type:text/xml; charset=utf-8User-Agent: Mozilla/4.0 (compatible; MSIE 6.0; Windows NT 5.1)Accept: */*Host: omega.contacts.msn.comContent-Length: 1686Connection: Keep-AliveCache-Control: no-cache<soap:Envelope xmlns:xsi='http://www.w3.org/2001/XMLSchema-instance' xmlns:soapenc='http://schemas.xmlsoap.org/soap/encoding/' xmlns:soap='http://schemas.xmlsoap.org/soap/envelope/' xmlns:xsd='http://www.w3.org/2001/XMLSchema'><soap:Header><ABApplicationHeader xmlns='http://www.msn.com/webservices/AddressBook'><ApplicationId>CFE80F9D-180F-4399-82AB-413F33A1FA11</ApplicationId><IsMigration>false</IsMigration><PartnerScenario>Initial</PartnerScenario><CacheKey>14r2;SzSeYN0cT9yMnv0MKEDhxkFkzT+nF286QlcJZZ1Cxp83Bgln3Q4k8IQsmdk54KzP3AnJd7YFlTMS8k484Dt+cCOpmVaZQ4vE2HMClIlrj8tfxr+Ro3+0h7fpTsjB5uW7qTWpxzfeN0xWc8c8TFrCklLB9cE+7ZaT24BDm7jLpVY=</CacheKey></ABApplicationHeader><ABAuthHeader xmlns='http://www.msn.com/webservices/AddressBook'><ManagedGroupRequest>false</ManagedGroupRequest><TicketToken>t=EwDoAcBdAAAURnMnP0xNtZi9ugdf902M4Br/7wKAANdUOWVIql3hBZWhUeypBpidE8eDDP88WiHxdGiaH15MdZMRQm2eG2yWBW/oBKxJJmxFA8IOjZOnDPChPW2Q3ZtxLMGteCpl6QKr2Dc1DWBJBkm8HLkyFmt7aQWfQSy1JycoHjleJDLHj/re2Y2xbB4r2Bw+DPlGZlEY61z71G81A2YAAAjn7xmhl4FjEzgBro49qLwZXQ6+XBdl4hatB1E/x3SOTmD/F8fJP5AFics1OZlaKzNTbFOl/Y8NmvE5xHq2L5ydVGf5mE4gkW2K//4JuUJlTLc0+YCSu7Knr8d9UculVeEfDtfVxfapC7pzTghsrsqvf5BsSG/46MXfV1Cbpwlasu+xq+Z9Q2VMATPOENUFU8xgSBw8bZz223gLplUIdITyj+Frm1uMh8IZUewIL+eg/EQBQyqVAiqEz+CoCLF2ZkSoXgXOxVQvQ1wXm6j6S4NxD1Cv2bsE7dphVhYLrnHlBJmveISENpwD4MmsmNGT3mGqxgs6Nvjt0QetwpUqtZQkJcD/OMQMngSMnZMUKLqPr7Zdjl6w7JBorBnqdZGrtei7NgdWSL67xbwKgh73bWSkB/+CtBuwuFqdrk9KFA99pmvpYQE=&amp;p=</TicketToken></ABAuthHeader></soap:Header><soap:Body><ABFindAll xmlns='http://www.msn.com/webservices/AddressBook'><abId>00000000-0000-0000-0000-000000000000</abId><abView>Full</abView></ABFindAll></soap:Body></soap:Envelope>
(15:52:09) soap: read 16384 bytes
(15:52:09) soap: current HTTP/1.1 200 OKCache-Control: private, max-age=0Content-Length: 21459Content-Type: text/xml; charset=utf-8X-MSNSERVER: BY2CDP5013119X-AspNet-Version: 4.0.30319Date: Tue, 16 Aug 2011 07:51:55 GMT<?xml version="1.0" encoding="utf-8"?><soap:Envelope xmlns:soap="http://schemas.xmlsoap.org/soap/envelope/" xmlns:xsi="http://www.w3.org/2001/XMLSchema-instance" xmlns:xsd="http://www.w3.org/2001/XMLSchema"><soap:Header><ServiceHeader xmlns="http://www.msn.com/webservices/AddressBook"><Version>16.01.1802.0000</Version><CacheKeyChanged>false</CacheKeyChanged><PreferredHostName>proxy-bay.contacts.msn.com</PreferredHostName><SessionId>ABCH.c6d056d0-4b15-437a-affe-36743ccd8b97</SessionId></ServiceHeader></soap:Header><soap:Body><ABFindAllResponse xmlns="http://www.msn.com/webservices/AddressBook"><ABFindAllResult><groups><Group><groupId>858d51f6-9ab4-4005-b07a-140d21724200</groupId><groupInfo><annotations><Annotation><Name>MSN.IM.Display</Name><Value>1</Value></Annotation></annotations><groupType>c8529ce2-6ead-434d-881f-341e17db3ff8</groupType><name>Buddies</name><IsNotMobileVisible>false</IsNotMobileVisible><IsPrivate>false</IsPrivate><IsFavorite>false</IsFavorite></groupInfo><propertiesChanged /><fDeleted>false</fDeleted><lastChange>2009-11-19T00:10:33.643-08:00</lastChange></Group><Group><groupId>31e72d3a-5971-49b5-b65f-27e8f9eb8317</groupId><groupInfo><annotations><Annotation><Name>MSN.IM.Display</Name><Value>1</Value></Annotation></annotations><groupType>c8529ce2-6ead-434d-881f-341e17db3ff8</groupType><name>同事</name><IsNotMobileVisible>false</IsNotMobileVisible><IsPrivate>false</IsPrivate><IsFavorite>false</IsFavorite></groupInfo><propertiesChanged /><fDeleted>false</fDeleted><lastChange>2006-01-04T19:13:52.227-08:00</lastChange></Group><Group><groupId>99324e82-bcea-4a61-a032-28ca3447741b</groupId><groupInfo><annotations><Annotation><Name>MSN.IM.Display</Name><Value>1</Value></Annotation></annotations><groupType>c8529ce2-6ead-434d-881f-341e17db3ff8</groupType><name>家人</name><IsNotMobileVisible>false</IsNotMobileVisible><IsPrivate>false</IsPrivate><IsFavorite>false</IsFavorite></groupInfo><propertiesChanged /><fDeleted>false</fDeleted><lastChange>2011-08-15T18:37:12.99-07:00</lastChange></Group><Group><groupId>4f2b9fb1-0127-485b-b5eb-81d02301dee0</groupId><groupInfo><annotations><Annotation><Name>MSN.IM.Display</Name><Value>1</Value></Annotation></annotations><groupType>c8529ce2-6ead-434d-881f-341e17db3ff8</groupType><name>常用联系人</name><IsNotMobileVisible>false</IsNotMobileVisible><IsPrivate>false</IsPrivate><IsFavorite>true</IsFavorite></groupInfo><propertiesChanged /><fDeleted>false</fDeleted><lastChange>2010-08-27T00:45:55.447-07:00</lastChange></Group><Group><groupId>bc0f3114-b84f-4949-9131-bd2a26778a31</groupId><groupInfo><annotations><Annotation><Name>MSN.IM.Display</Name><Value>1</Value></Annotation></annotations><groupType>c8529ce2-6ead-434d-881f-341e17db3ff8</groupType><name>朋友</name><IsNotMobileVisible>false</IsNotMobileVisible><IsPrivate>false</IsPrivate><IsFavorite>false</IsFavorite></groupInfo><propertiesChanged /><fDeleted>false</fDeleted><lastChange>2011-08-15T18:37:17.897-07:00</lastChange></Group></groups><contacts><Contact><contactId>b510f9aa-c214-4288-9188-1014b28de447</contactId><contactInfo><contactType>Regular</contactType><quickName>shark_yang</quickName><passportName>shark_yang@hotmail.com</passportName><IsPassportNameHidden>false</IsPassportNameHidden><displayName>东君（万事俱备，只欠泡沫）</displayName><puid>0</puid><CID>1585805371796925330</CID><IsNotMobileVisible>false</IsNotMobileVisible><isMobileIMEnabled>false</isMobileIMEnabled><isMessengerUser>true</isMessengerUser><isFavorite>false</isFavorite><isSmtp>false</isSmtp><hasSpace>false</hasSpace><spotWatchState>NoDevice</spotWatchState><birthdate>0001-01-01T00:00:00</birthdate><primaryEmailType>ContactEmailPersonal</primaryEmailType><PrimaryLocation>ContactLocationPersonal</PrimaryLocation><PrimaryPhone>ContactPhonePersonal</PrimaryPhone><IsPrivate>false</IsPrivate><IsHidden>false</IsHidden><Gender>Unspecified</Gender><TimeZone>None</TimeZone><IsAutoUpdateDisabled>false</IsAutoUpdateDisabled><IsShellContact>false</IsShellContact><TrustLevel>2</TrustLevel><PropertiesChanged /><NotRelevant>false</NotRelevant></contactInfo><propertiesChanged /><fDeleted>false</fDeleted><CreateDate>0001-01-01T00:00:00-08:00</CreateDate><lastChange>2010-08-27T00:45:37.977-07:00</lastChange></Contact><Contact><contactId>85167941-bcc3-4670-b460-254372acff46</contactId><contactInfo><contactType>Regular</contactType><quickName>henrydai1973</quickName><passportName>henrydai1973@hotmail.com</passportName><IsPassportNameHidden>false</IsPassportNameHidden><displayName>(#)喜乐—海立(#)  13568987645 028-85251966</displayName><puid>0</puid><CID>4499305347088648949</CID><IsNotMobileVisible>false</IsNotMobileVisible><isMobileIMEnabled>false</isMobileIMEnabled><isMessengerUser>true</isMessengerUser><isFavorite>false</isFavorite><isSmtp>false</isSmtp><hasSpace>false</hasSpace><spotWatchState>NoDevice</spotWatchState><birthdate>0001-01-01T00:00:00</birthdate><primaryEmailType>ContactEmailPersonal</primaryEmailType><PrimaryLocation>ContactLocationPersonal</PrimaryLocation><PrimaryPhone>ContactPhonePersonal</PrimaryPhone><IsPrivate>false</IsPrivate><IsHidden>false</IsHidden><Gender>Unspecified</Gender><TimeZone>None</TimeZone><IsAutoUpdateDisabled>false</IsAutoUpdateDisabled><IsShellContact>false</IsShellContact><TrustLevel>2</TrustLevel><PropertiesChanged /><NotRelevant>false</NotRelevant></contactInfo><propertiesChanged /><fDeleted>false</fDeleted><CreateDate>0001-01-01T00:00:00-08:00</CreateDate><lastChange>2010-08-27T00:45:37.977-07:00</lastChange></Contact><Contact><contactId>c5bd42a3-f949-46c3-ba24-295318cfb798</contactId><contactInfo><annotations><Annotation><Name>MSN.IM.MBEA</Name><Value>0</Value></Annotation><Annotation><Name>MSN.IM.GTC</Name><Value>1</Value></Annotation><Annotation><Name>MSN.IM.BLP</Name><Value>0</Value></Annotation><Annotation><Name>MSN.IM.RoamLiveProperties</Name><Value>1</Value></Annotation><Annotation><Name>Live.Locale</Name><Value>1033</Value></Annotation><Annotation><Name>Live.Profile.Expression.LastChanged</Name><Value>2010-08-27T00:45:59.00-07:00</Value></Annotation><Annotation><Name>Live.Passport.Birthdate</Name><Value>01/01/1972 00:00:00</Value></Annotation><Annotation><Name>Live.Passport.Country</Name><Value>US</Value></Annotation></annotations><contactType>Me</contactType><quickName>Q</quickName><passportName>forward_day@hotmail.com</passportName><IsPassportNameHidden>false</IsPassportNameHidden><displayName>郑树新--视频加速器：http://v.hexun.com/DownloadNew.htm</displayName><puid>0</puid><CID>-1624782063226699487</CID><IsNotMobileVisible>false</IsNotMobileVisible><isMobileIMEnabled>false</isMobileIMEnabled><isMessengerUser>false</isMessengerUser><isFavorite>false</isFavorite><isSmtp>false</isSmtp><hasSpace>false</hasSpace><spotWatchState>NoDevice</spotWatchState><birthdate>0001-01-01T00:00:00</birthdate><primaryEmailType>ContactEmailPersonal</primaryEmailType><PrimaryLocation>ContactLocationPersonal</PrimaryLocation><PrimaryPhone>ContactPhonePersonal</PrimaryPhone><IsPrivate>false</IsPrivate><IsHidden>false</IsHidden><Gender>Unspecified</Gender><TimeZone>None</TimeZone><IsAutoUpdateDisabled>false</IsAutoUpdateDisabled><IsShellContact>false</IsShellContact><TrustLevel>0</TrustLevel><PropertiesChanged /><NotRelevant>false</NotRelevant></contactInfo><propertiesChanged /><fDeleted>false</fDeleted><CreateDate>0001-01-01T00:00:00-08:00</CreateDate><lastChange>2011-08-16T00:51:23.843-07:00</lastChange><LastModifiedBy>8</LastModifiedBy></Contact><Contact><contactId>0229cdaa-6ec6-4a0f-ad22-320080140150</contactId><contactInfo><groupIds><guid>99324e82-bcea-4a61-a032-28ca3447741b</guid></groupIds><contactType>Regular</contactType><quickName>zhengshuxin</quickName><passportName>zhengshuxin@hotmail.com</passportName><IsPassportNameHidden>false</IsPassportNameHidden><displayName>郑树新</displayName><puid>0</puid><CID>3950633472353544203</CID><IsNotMobileVisible>false</IsNotMobileVisible><isMobileIMEnabled>false</isMobileIMEnabled><isMessengerUser>true</isMessengerUser><isFavorite>false</isFavorite><isSmtp>false</isSmtp><hasSpace>false</hasSpace><spotWatchState>NoDevice</spotWatchState><birthdate>0001-01-01T00:00:00</birthdate><primaryEmailType>ContactEmailPersonal</primaryEmailType><PrimaryLocation>ContactLocationPersonal</PrimaryLocation><PrimaryPhone>ContactPhonePersonal</PrimaryPhone><IsPrivate>false</IsPrivate><IsHidden>false</IsHidden><Gender>Unspecified</Gender><TimeZone>None</TimeZone><IsAutoUpdateDisabled>false</IsAutoUpdateDisabled><IsShellContact>false</IsShellContact><TrustLevel>2</TrustLevel><PropertiesChanged /><NotRelevant>false</NotRelevant></contactInfo><propertiesChanged /><fDeleted>false</fDeleted><CreateDate>0001-01-01T00:00:00-08:00</CreateDate><lastChange>2011-08-15T18:37:12.99-07:00</lastChange><LastModifiedBy>8</LastModifiedBy></Contact><Contact><contactId>9b6c4a78-a645-4131-9b78-4ad2aaa9aad2</contactId><contactInfo><contactType>Regular</contactType><quickName>sun_ge</quickName><passportName>sun_ge@hotmail.com</passportName><IsPassportNameHidden>false</IsPassportNameHidden><displayName>革</displayName><puid>0</puid><CID>-4237631543657376339</CID><IsNotMobileVisible>false</IsNotMobileVisible><isMobileIMEnabled>false</isMobileIMEnabled><isMessengerUser>true</isMessengerUser><isFavorite>false</isFavorite><isSmtp>false</isSmtp><hasSpace>false</hasSpace><spotWatchState>NoDevice</spotWatchState><birthdate>0001-01-01T00:00:00</birthdate><primaryEmailType>ContactEmailPersonal</primaryEmailType><PrimaryLocation>ContactLocationPersonal</PrimaryLocation><PrimaryPhone>ContactPhonePersonal</PrimaryPhone><IsPrivate>false</IsPrivate><IsHidden>false</IsHidden><Gender>Unspecified</Gender><TimeZone>None</TimeZone><IsAutoUpdateDisabled>false</IsAutoUpdateDisabled><IsShellContact>false</IsShellContact><TrustLevel>0</TrustLevel><PropertiesChanged /><NotRelevant>false</NotRelevant></contactInfo><propertiesChanged /><fDeleted>false</fDeleted><CreateDate>0001-01-01T00:00:00-08:00</CreateDate><lastChange>2011-04-25T00:00:16.147-07:00</lastChange><LastModifiedBy>96</LastModifiedBy></Contact><Contact><contactId>83e9f3b1-724c-456e-8111-5bd10c3e3810</contactId><contactInfo><contactType>Regular</contactType><quickName>heshanlily</quickName><passportName>heshanlily@hotmail.com</passportName><IsPassportNameHidden>false</IsPassportNameHidden><displayName>和珊Lily</displayName><puid>0</puid><CID>7360734171765726922</CID><IsNotMobileVisible>false</IsNotMobileVisible><isMobileIMEnabled>false</isMobileIMEnabled><isMessengerUser>true</isMessengerUser><isFavorite>false</isFavorite><isSmtp>false</isSmtp><hasSpace>false</hasSpace><spotWatchState>NoDevice</spotWatchState><birthdate>0001-01-01T00:00:00</birthdate><primaryEmailType>ContactEmailPersonal</primaryEmailType><PrimaryLocation>ContactLocationPersonal</PrimaryLocation><PrimaryPhone>ContactPhonePersonal</PrimaryPhone><IsPrivate>false</IsPrivate><IsHidden>false</IsHidden><Gender>Unspecified</Gender><TimeZone>None</TimeZone><IsAutoUpdateDisabled>false</IsAutoUpdateDisabled><IsShellContact>false</IsShellContact><TrustLevel>2</TrustLevel><PropertiesChanged /><NotRelevant>false</NotRelevant></contactInfo><propertiesChanged /><fDeleted>false</fDeleted><CreateDate>2010-10-11T20:26:00-07:00</CreateDate><lastChange>2010-10-11T20:26:42.533-07:00</lastChange><CreatedBy>10</CreatedBy><LastModifiedBy>10</LastModifiedBy></Contact>

<Contact><contactId>c9f187d3-8509-4693-951c-5cc593185dd2</contactId><contactInfo><groupIds>
<guid>bc0f3114-b84f-4949-9131-bd2a26778a31</guid></groupIds><contactType>Regular</contactType><quickName>kirk1368</quickName><passportName>kirk1368@hotmail.com</passportName><IsPassportNameHidden>false</IsPassportNameHidden><displayName>何俊松</displayName><puid>0</puid><CID>1835074188636858766</CID><IsNotMobileVisible>false</IsNotMobileVisible><isMobileIMEnabled>false</isMobileIMEnabled><isMessengerUser>true</isMessengerUser><isFavorite>false</isFavorite><isSmtp>false</isSmtp><hasSpace>false</hasSpace><spotWatchState>NoDevice</spotWatchState><birthdate>0001-01-01T00:00:00</birthdate><primaryEmailType>ContactEmailPersonal</primaryEmailType><PrimaryLocation>ContactLocationPersonal</PrimaryLocation><PrimaryPhone>ContactPhonePersonal</PrimaryPhone><IsPrivate>false</IsPrivate><IsHidden>false</IsHidden><Gender>Unspecified</Gender><TimeZone>None</TimeZone><IsAutoUpdateDisabled>false</IsAutoUpdateDisabled><IsShellContact>false</IsShellContact><TrustLevel>2</TrustLevel><PropertiesChanged /><NotRelevant>false</NotRelevant></contactInfo><propertiesChanged /><fDeleted>false</fDeleted><CreateDate>0001-01-01T00:00:00-08:00</CreateDate><lastChange>2011-08-15T18:37:17.897-07:00</lastChange><LastModifiedBy>8</LastModifiedBy></Contact>

<Contact><contactId>96cff8e2-7551-49f3-9219-6b51db92d572</contactId><contactInfo><contactType>Regular</contactType><quickName>brush_7color</quickName><passportName>brush_7color@hotmail.com</passportName><IsPassportNameHidden>false</IsPassportNameHidden><displayName>lining-又换成了live</displayName><puid>0</puid><CID>-4845852707641011127</CID><IsNotMobileVisible>false</IsNotMobileVisible><isMobileIMEnabled>false</isMobileIMEnabled><isMessengerUser>true</isMessengerUser><isFavorite>false</isFavorite><isSmtp>false</isSmtp><hasSpace>true</hasSpace><spotWatchState>NoDevice</spotWatchState><birthdate>0001-01-01T00:00:00</birthdate><primaryEmailType>ContactEmailPersonal</primaryEmailType><PrimaryLocation>ContactLocationPersonal</PrimaryLocation><PrimaryPhone>ContactPhonePersonal</PrimaryPhone><IsPrivate>false</IsPrivate><IsHidden>false</IsHidden><Gender>Unspecified</Gender><TimeZone>None</TimeZone><IsAutoUpdateDisabled>false</IsAutoUpdateDisabled><IsShellContact>false</IsShellContact><TrustLevel>2</TrustLevel><PropertiesChanged /><NotRelevant>false</NotRelevant></contactInfo><propertiesChanged /><fDeleted>false</fDeleted><CreateDate>0001-01-01T00:00:00-08:00</CreateDate><lastChange>2010-08-27T00:45:37.983-07:00</lastChange></Contact><Contact><contactId>bb407877-d962-4119-bd44-6cc0490c7d85</contactId><contactInfo><contactType>Regular</contactType><quickName>yu_do_do</quickName><passportName>yu_do_do@hotmail.com</passportName><IsPassportNameHidden>false</IsPassportNameHidden><displayName>2011---顺 顺 顺___</displayName><puid>0</puid><CID>5437599909736507504</CID><IsNotMobileVisible>false</IsNotMobileVisible><isMobileIMEnabled>false</isMobileIMEnabled><isMessengerUser>true</isMessengerUser><isFavorite>false</isFavorite><isSmtp>false</isSmtp><hasSpace>true</hasSpace><spotWatchState>NoDevice</spotWatchState><birthdate>0001-01-01T00:00:00</birthdate><primaryEmailType>ContactEmailPersonal</primaryEmailType><PrimaryLocation>ContactLocationPersonal</PrimaryLocation><PrimaryPhone>ContactPhonePersonal</PrimaryPhone><IsPrivate>false</IsPrivate><IsHidden>false</IsHidden><Gender>Unspecified</Gender><TimeZone>None</TimeZone><IsAutoUpdateDisabled>false</IsAutoUpdateDisabled><IsShellContact>false</IsShellContact><TrustLevel>2</TrustLevel><PropertiesChanged /><NotRelevant>false</NotRelevant></contactInfo><propertiesChanged /><fDeleted>false</fDeleted><CreateDate>0001-01-01T00:00:00-08:00</CreateDate><lastChange>2010-08-27T00:46:01.577-07:00</lastChange><LastModifiedBy>96</LastModifiedBy></Contact><Contact><contactId>67373f6f-7022-44e5-94aa-770ab8a1d500</contactId><contactInfo><contactType>Regular</contactType><quickName>land_beijing</quickName><passportName>land_beijing@msn.com</passportName><IsPassportNameHidden>false</IsPassportNameHidden><displayName>Land</displayName><puid>0</puid><CID>7697912028934171309</CID><IsNotMobileVisible>false</IsNotMobileVisible><isMobileIMEnabled>false</isMobileIMEnabled><isMessengerUser>true</isMessengerUser><isFavorite>false</isFavorite><isSmtp>false</isSmtp><hasSpace>true</hasSpace><spotWatchState>NoDevice</spotWatchState><birthdate>0001-01-01T00:00:00</birthdate><primaryEmailType>ContactEmailPersonal</primaryEmailType><PrimaryLocation>ContactLocationPersonal</PrimaryLocation><PrimaryPhone>ContactPhonePersonal</PrimaryPhone><IsPrivate>false</IsPrivate><IsHidden>false</IsHidden><Gender>Unspecified</Gender><TimeZone>None</TimeZone><IsAutoUpdateDisabled>false</IsAutoUpdateDis
(15:52:09) soap: read 5285 bytes
(15:52:09) soap: current abled><IsShellContact>false</IsShellContact><TrustLevel>2</TrustLevel><PropertiesChanged /><NotRelevant>false</NotRelevant></contactInfo><propertiesChanged /><fDeleted>false</fDeleted><CreateDate>0001-01-01T00:00:00-08:00</CreateDate><lastChange>2011-03-20T22:50:12.29-07:00</lastChange><LastModifiedBy>96</LastModifiedBy></Contact><Contact><contactId>cfe55134-60b2-4a65-8b8b-79ce5c03808a</contactId><contactInfo><contactType>Regular</contactType><quickName>cbuiler_guo</quickName><passportName>cbuiler_guo@hotmail.com</passportName><IsPassportNameHidden>false</IsPassportNameHidden><displayName>郭朝晖</displayName><puid>0</puid><CID>-7007662425065893143</CID><IsNotMobileVisible>false</IsNotMobileVisible><isMobileIMEnabled>false</isMobileIMEnabled><isMessengerUser>true</isMessengerUser><isFavorite>false</isFavorite><isSmtp>false</isSmtp><hasSpace>true</hasSpace><spotWatchState>NoDevice</spotWatchState><birthdate>0001-01-01T00:00:00</birthdate><primaryEmailType>ContactEmailPersonal</primaryEmailType><PrimaryLocation>ContactLocationPersonal</PrimaryLocation><PrimaryPhone>ContactPhonePersonal</PrimaryPhone><IsPrivate>false</IsPrivate><IsHidden>false</IsHidden><Gender>Unspecified</Gender><TimeZone>None</TimeZone><IsAutoUpdateDisabled>false</IsAutoUpdateDisabled><IsShellContact>false</IsShellContact><TrustLevel>2</TrustLevel><PropertiesChanged /><NotRelevant>false</NotRelevant></contactInfo><propertiesChanged /><fDeleted>false</fDeleted><CreateDate>2010-08-25T00:41:00-07:00</CreateDate><lastChange>2010-08-27T00:45:59.23-07:00</lastChange><CreatedBy>8</CreatedBy><LastModifiedBy>96</LastModifiedBy></Contact><Contact><contactId>a622d8d9-5855-48a6-a9d0-c5a02873c2f7</contactId><contactInfo><contactType>Regular</contactType><quickName>chyh00</quickName><passportName>chyh00@hotmail.com</passportName><IsPassportNameHidden>false</IsPassportNameHidden><displayName>chyh00@hotmail.com</displayName><puid>0</puid><CID>-2863075367628744431</CID><IsNotMobileVisible>false</IsNotMobileVisible><isMobileIMEnabled>false</isMobileIMEnabled><isMessengerUser>true</isMessengerUser><isFavorite>false</isFavorite><isSmtp>false</isSmtp><hasSpace>true</hasSpace><spotWatchState>NoDevice</spotWatchState><birthdate>0001-01-01T00:00:00</birthdate><primaryEmailType>ContactEmailPersonal</primaryEmailType><PrimaryLocation>ContactLocationPersonal</PrimaryLocation><PrimaryPhone>ContactPhonePersonal</PrimaryPhone><IsPrivate>false</IsPrivate><IsHidden>false</IsHidden><Gender>Unspecified</Gender><TimeZone>None</TimeZone><IsAutoUpdateDisabled>false</IsAutoUpdateDisabled><IsShellContact>false</IsShellContact><TrustLevel>2</TrustLevel><PropertiesChanged /><NotRelevant>false</NotRelevant></contactInfo><propertiesChanged /><fDeleted>false</fDeleted><CreateDate>0001-01-01T00:00:00-08:00</CreateDate><lastChange>2010-08-27T00:45:37.99-07:00</lastChange></Contact><Contact><contactId>8ba16e2d-086b-4271-b0c0-dbfa35cdc235</contactId><contactInfo><contactType>Regular</contactType><quickName>frongy_98</quickName><passportName>frongy_98@hotmail.com</passportName><IsPassportNameHidden>false</IsPassportNameHidden><displayName>frongy_98@hotmail.com</displayName><puid>0</puid><CID>3822024252697938860</CID><IsNotMobileVisible>false</IsNotMobileVisible><isMobileIMEnabled>false</isMobileIMEnabled><isMessengerUser>true</isMessengerUser><isFavorite>false</isFavorite><isSmtp>false</isSmtp><hasSpace>false</hasSpace><spotWatchState>NoDevice</spotWatchState><birthdate>0001-01-01T00:00:00</birthdate><primaryEmailType>ContactEmailPersonal</primaryEmailType><PrimaryLocation>ContactLocationPersonal</PrimaryLocation><PrimaryPhone>ContactPhonePersonal</PrimaryPhone><IsPrivate>false</IsPrivate><IsHidden>false</IsHidden><Gender>Unspecified</Gender><TimeZone>None</TimeZone><IsAutoUpdateDisabled>false</IsAutoUpdateDisabled><IsShellContact>false</IsShellContact><TrustLevel>2</TrustLevel><PropertiesChanged /><NotRelevant>false</NotRelevant></contactInfo><propertiesChanged /><fDeleted>false</fDeleted><CreateDate>2010-10-11T20:26:00-07:00</CreateDate><lastChange>2010-10-11T20:26:43.84-07:00</lastChange><CreatedBy>10</CreatedBy><LastModifiedBy>10</LastModifiedBy></Contact></contacts><ab><abId>00000000-0000-0000-0000-000000000000</abId><abInfo><MigratedTo>5</MigratedTo><ownerPuid>0</ownerPuid><OwnerCID>-1624782063226699487</OwnerCID><ownerEmail>forward_day@hotmail.com</ownerEmail><fDefault>true</fDefault><joinedNamespace>false</joinedNamespace><IsBot>false</IsBot><IsParentManaged>false</IsParentManaged><AccountTierLastChanged>0001-01-01T00:00:00</AccountTierLastChanged><ProfileVersion>0</ProfileVersion><SubscribeExternalPartner>false</SubscribeExternalPartner><NotifyExternalPartner>false</NotifyExternalPartner><AddressBookType>Individual</AddressBookType><MessengerApplicationServiceCreated>true</MessengerApplicationServiceCreated><IsBetaMigrated>true</IsBetaMigrated><LastRelevanceUpdate>0001-01-01T00:00:00</LastRelevanceUpdate></abInfo><lastChange>2011-08-16T00:51:23.843-07:00</lastChange><DynamicItemLastChanged>0001-01-01T00:00:00</DynamicItemLastChanged><RecentActivityItemLastChanged>0001-01-01T00:00:00</RecentActivityItemLastChanged><createDate>2005-02-01T02:33:21.243-08:00</createDate><propertiesChanged /></ab></ABFindAllResult></ABFindAllResponse></soap:Body></soap:Envelope>
(15:52:09) msn: Got the Address Book!
(15:52:09) msn: msn_parse_addressbook_groups()
(15:52:09) msn: AB group_id: 858d51f6-9ab4-4005-b07a-140d21724200, name: Buddies
(15:52:09) msn: AB group_id: 31e72d3a-5971-49b5-b65f-27e8f9eb8317, name: 同事
(15:52:09) msn: AB group_id: 99324e82-bcea-4a61-a032-28ca3447741b, name: 家人
(15:52:09) msn: AB group_id: 4f2b9fb1-0127-485b-b5eb-81d02301dee0, name: 常用联系人
(15:52:09) msn: AB group_id: bc0f3114-b84f-4949-9131-bd2a26778a31, name: 朋友
(15:52:09) msn: AB group_id:1983 name:其他联系人
(15:52:09) msn: AB group_id:email name:非即时消息联系人
(15:52:09) msn: Process contact list...
(15:52:09) msn: AB passport:{shark_yang@hotmail.com} uid:{b510f9aa-c214-4288-9188-1014b28de447} display:{东君（万事俱备，只欠泡沫）} alias: {(null)} mobile:{false} mobile number:{(null)}
(15:52:09) msn: User not in any groups, adding to default group.
(15:52:09) msn: User: group id:1983,name:其他联系人,user:shark_yang@hotmail.com
(15:52:09) msn: AB passport:{henrydai1973@hotmail.com} uid:{85167941-bcc3-4670-b460-254372acff46} display:{(#)喜乐—海立(#)  13568987645 028-85251966} alias: {(null)} mobile:{false} mobile number:{(null)}
(15:52:09) msn: User not in any groups, adding to default group.
(15:52:09) msn: User: group id:1983,name:其他联系人,user:henrydai1973@hotmail.com
(15:52:09) msn: AB passport:{zhengshuxin@hotmail.com} uid:{0229cdaa-6ec6-4a0f-ad22-320080140150} display:{郑树新} alias: {(null)} mobile:{false} mobile number:{(null)}
(15:52:09) msn: User: group id:99324e82-bcea-4a61-a032-28ca3447741b,name:家人,user:zhengshuxin@hotmail.com
(15:52:09) msn: AB guid:99324e82-bcea-4a61-a032-28ca3447741b
(15:52:09) msn: AB passport:{sun_ge@hotmail.com} uid:{9b6c4a78-a645-4131-9b78-4ad2aaa9aad2} display:{革} alias: {(null)} mobile:{false} mobile number:{(null)}
(15:52:09) msn: User not in any groups, adding to default group.
(15:52:09) msn: User: group id:1983,name:其他联系人,user:sun_ge@hotmail.com
(15:52:09) msn: AB passport:{heshanlily@hotmail.com} uid:{83e9f3b1-724c-456e-8111-5bd10c3e3810} display:{和珊Lily} alias: {(null)} mobile:{false} mobile number:{(null)}
(15:52:09) msn: User not in any groups, adding to default group.
(15:52:09) msn: User: group id:1983,name:其他联系人,user:heshanlily@hotmail.com
(15:52:09) msn: AB passport:{kirk1368@hotmail.com} uid:{c9f187d3-8509-4693-951c-5cc593185dd2} display:{何俊松} alias: {(null)} mobile:{false} mobile number:{(null)}
(15:52:09) msn: User: group id:bc0f3114-b84f-4949-9131-bd2a26778a31,name:朋友,user:kirk1368@hotmail.com
(15:52:09) msn: AB guid:bc0f3114-b84f-4949-9131-bd2a26778a31
(15:52:09) msn: AB passport:{brush_7color@hotmail.com} uid:{96cff8e2-7551-49f3-9219-6b51db92d572} display:{lining-又换成了live} alias: {(null)} mobile:{false} mobile number:{(null)}
(15:52:09) msn: User not in any groups, adding to default group.
(15:52:09) msn: User: group id:1983,name:其他联系人,user:brush_7color@hotmail.com
(15:52:09) msn: AB passport:{yu_do_do@hotmail.com} uid:{bb407877-d962-4119-bd44-6cc0490c7d85} display:{2011---顺 顺 顺___} alias: {(null)} mobile:{false} mobile number:{(null)}
(15:52:09) msn: User not in any groups, adding to default group.
(15:52:09) msn: User: group id:1983,name:其他联系人,user:yu_do_do@hotmail.com
(15:52:09) msn: AB passport:{land_beijing@msn.com} uid:{67373f6f-7022-44e5-94aa-770ab8a1d500} display:{Land} alias: {(null)} mobile:{false} mobile number:{(null)}
(15:52:09) msn: User not in any groups, adding to default group.
(15:52:09) msn: User: group id:1983,name:其他联系人,user:land_beijing@msn.com
(15:52:09) msn: AB passport:{cbuiler_guo@hotmail.com} uid:{cfe55134-60b2-4a65-8b8b-79ce5c03808a} display:{郭朝晖} alias: {(null)} mobile:{false} mobile number:{(null)}
(15:52:09) msn: User not in any groups, adding to default group.
(15:52:09) msn: User: group id:1983,name:其他联系人,user:cbuiler_guo@hotmail.com
(15:52:09) msn: AB passport:{chyh00@hotmail.com} uid:{a622d8d9-5855-48a6-a9d0-c5a02873c2f7} display:{chyh00@hotmail.com} alias: {(null)} mobile:{false} mobile number:{(null)}
(15:52:09) msn: User not in any groups, adding to default group.
(15:52:09) msn: User: group id:1983,name:其他联系人,user:chyh00@hotmail.com
(15:52:09) msn: AB passport:{frongy_98@hotmail.com} uid:{8ba16e2d-086b-4271-b0c0-dbfa35cdc235} display:{frongy_98@hotmail.com} alias: {(null)} mobile:{false} mobile number:{(null)}
(15:52:09) msn: User not in any groups, adding to default group.
(15:52:09) msn: User: group id:1983,name:其他联系人,user:frongy_98@hotmail.com
(15:52:09) msn: AB lastchanged Time:{2011-08-16T00:51:23.843-07:00}
(15:52:09) msn: AB DynamicItemLastChanged :{0001-01-01T00:00:00}
(15:52:09) msn: C: NS 000: BLP 8 AL
(15:52:09) msn: Passport: sun_ge@hotmail.com, type: 1
(15:52:09) msn: Didn't find existing domain node, adding one.
(15:52:09) msn: list_op: 5
(15:52:09) msn: Passport: support.service@live.com, type: 2
(15:52:09) msn: Didn't find existing domain node, adding one.
(15:52:09) msn: list_op: 2
(15:52:09) msn: Passport: chyh00@hotmail.com, type: 1
(15:52:09) msn: list_op: 3
(15:52:09) msn: Passport: cbuiler_guo@hotmail.com, type: 1
(15:52:09) msn: list_op: 3
(15:52:09) msn: Passport: land_beijing@msn.com, type: 1
(15:52:09) msn: Didn't find existing domain node, adding one.
(15:52:09) msn: list_op: 3
(15:52:09) msn: Passport: yu_do_do@hotmail.com, type: 1
(15:52:09) msn: list_op: 3
(15:52:09) msn: Passport: brush_7color@hotmail.com, type: 1
(15:52:09) msn: list_op: 3
(15:52:09) msn: Passport: kirk1368@hotmail.com, type: 1
(15:52:09) msn: list_op: 3
(15:52:09) msn: Passport: zhengshuxin@hotmail.com, type: 1
(15:52:09) msn: list_op: 3
(15:52:09) msn: Passport: henrydai1973@hotmail.com, type: 1
(15:52:09) msn: list_op: 3
(15:52:09) msn: Passport: shark_yang@hotmail.com, type: 1
(15:52:09) msn: list_op: 3
(15:52:09) msn: Passport: frongy_98@hotmail.com, type: 1
(15:52:09) msn: list_op: 3
(15:52:09) msn: Passport: heshanlily@hotmail.com, type: 1
(15:52:09) msn: list_op: 3
(15:52:09) msn: Sending ADL with payload: <ml l='1'><d n='hotmail.com'><c n='sun_ge' l='5' t='1'/><c n='chyh00' l='3' t='1'/><c n='cbuiler_guo' l='3' t='1'/><c n='yu_do_do' l='3' t='1'/><c n='brush_7color' l='3' t='1'/><c n='kirk1368' l='3' t='1'/><c n='zhengshuxin' l='3' t='1'/><c n='henrydai1973' l='3' t='1'/><c n='shark_yang' l='3' t='1'/><c n='frongy_98' l='3' t='1'/><c n='heshanlily' l='3' t='1'/></d><d n='live.com'><c n='support.service' l='2' t='2'/></d><d n='msn.com'><c n='land_beijing' l='3' t='1'/></d></ml>
(15:52:09) msn: C: NS 000: ADL 9 480
(15:52:09) msn: C: NS 000: PRP 10 MFN %E9%83%91%E6%A0%91%E6%96%B0--%E8%A7%86%E9%A2%91%E5%8A%A0%E9%80%9F%E5%99%A8%EF%BC%9Ahttp%3A%2F%2Fv.hexun.com%2FDownloadNew.htm
(15:52:09) msn: S: NS 000: BLP 8 AL
(15:52:09) msn: S: NS 000: ADL 9 OK
(15:52:09) msn: Unable to open buddy icon from forward_day@hotmail.com!
(15:52:09) msn: C: NS 000: BLP 11 AL
(15:52:09) connection: Activating keepalive.
(15:52:09) msn: C: NS 000: CHG 12 NLN 1074004004
(15:52:09) msn: Sending UUX command with payload: <Data><PSM/><CurrentMedia/><MachineGuid/></Data>
(15:52:09) msn: C: NS 000: UUX 13 48
(15:52:10) msn: S: NS 000: PRP 10 MFN %E9%83%91%E6%A0%91%E6%96%B0--%E8%A7%86%E9%A2%91%E5%8A%A0%E9%80%9F%E5%99%A8%EF%BC%9Ahttp%3A%2F%2Fv.hexun.com%2FDownloadNew.htm
(15:52:10) msn: Update contact information for Me with new display name: 郑树新--视频加速器：http://v.hexun.com/DownloadNew.htm
(15:52:10) soap: POST //abservice/abservice.asmx HTTP/1.1SOAPAction: http://www.msn.com/webservices/AddressBook/ABContactUpdateContent-Type:text/xml; charset=utf-8User-Agent: Mozilla/4.0 (compatible; MSIE 6.0; Windows NT 5.1)Accept: */*Host: omega.contacts.msn.comContent-Length: 1962Connection: Keep-AliveCache-Control: no-cache<soap:Envelope xmlns:xsi='http://www.w3.org/2001/XMLSchema-instance' xmlns:soapenc='http://schemas.xmlsoap.org/soap/encoding/' xmlns:soap='http://schemas.xmlsoap.org/soap/envelope/' xmlns:xsd='http://www.w3.org/2001/XMLSchema'><soap:Header><ABApplicationHeader xmlns='http://www.msn.com/webservices/AddressBook'><ApplicationId>CFE80F9D-180F-4399-82AB-413F33A1FA11</ApplicationId><IsMigration>false</IsMigration><PartnerScenario>Timer</PartnerScenario><CacheKey>14r2;SzSeYN0cT9yMnv0MKEDhxkFkzT+nF286QlcJZZ1Cxp83Bgln3Q4k8IQsmdk54KzP3AnJd7YFlTMS8k484Dt+cCOpmVaZQ4vE2HMClIlrj8tfxr+Ro3+0h7fpTsjB5uW7qTWpxzfeN0xWc8c8TFrCklLB9cE+7ZaT24BDm7jLpVY=</CacheKey></ABApplicationHeader><ABAuthHeader xmlns='http://www.msn.com/webservices/AddressBook'><ManagedGroupRequest>false</ManagedGroupRequest><TicketToken>t=EwDoAcBdAAAURnMnP0xNtZi9ugdf902M4Br/7wKAANdUOWVIql3hBZWhUeypBpidE8eDDP88WiHxdGiaH15MdZMRQm2eG2yWBW/oBKxJJmxFA8IOjZOnDPChPW2Q3ZtxLMGteCpl6QKr2Dc1DWBJBkm8HLkyFmt7aQWfQSy1JycoHjleJDLHj/re2Y2xbB4r2Bw+DPlGZlEY61z71G81A2YAAAjn7xmhl4FjEzgBro49qLwZXQ6+XBdl4hatB1E/x3SOTmD/F8fJP5AFics1OZlaKzNTbFOl/Y8NmvE5xHq2L5ydVGf5mE4gkW2K//4JuUJlTLc0+YCSu7Knr8d9UculVeEfDtfVxfapC7pzTghsrsqvf5BsSG/46MXfV1Cbpwlasu+xq+Z9Q2VMATPOENUFU8xgSBw8bZz223gLplUIdITyj+Frm1uMh8IZUewIL+eg/EQBQyqVAiqEz+CoCLF2ZkSoXgXOxVQvQ1wXm6j6S4NxD1Cv2bsE7dphVhYLrnHlBJmveISENpwD4MmsmNGT3mGqxgs6Nvjt0QetwpUqtZQkJcD/OMQMngSMnZMUKLqPr7Zdjl6w7JBorBnqdZGrtei7NgdWSL67xbwKgh73bWSkB/+CtBuwuFqdrk9KFA99pmvpYQE=&amp;p=</TicketToken></ABAuthHeader></soap:Header><soap:Body><ABContactUpdate xmlns='http://www.msn.com/webservices/AddressBook'><abId>00000000-0000-0000-0000-000000000000</abId><contacts><Contact xmlns='http://www.msn.com/webservices/AddressBook'><contactInfo><displayName>郑树新--视频加速器：http://v.hexun.com/DownloadNew.htm</displayName><contactType>Me</contactType></contactInfo><propertiesChanged>DisplayName</propertiesChanged></Contact></contacts></ABContactUpdate></soap:Body></soap:Envelope>
(15:52:10) msn: S: NS 000: BLP 11 AL
(15:52:10) msn: S: NS 000: CHG 12 NLN 1074004004
(15:52:10) msn: S: NS 000: ILN 0 NLN zhengshuxin@hotmail.com 1 郑树新 2788999484 %3cmsnobj%20Creator%3d%22zhengshuxin%40hotmail.com%22%20Type%3d%223%22%20SHA1D%3d%22zQ6gdsvF1nLw%2bFDPHEJEbB0LHus%3d%22%20Size%3d%2228650%22%20Location%3d%220%22%20Friendly%3d%22MgAwADEAMQAwADYAMgAxADIAOQAwAAAA%22%2f%3e
(15:52:10) blist: Updating buddy status for zhengshuxin@hotmail.com (MSN)
(15:52:10) msn: S: NS 000: UBX zhengshuxin@hotmail.com 1 614
(15:52:10) msn: UBX received.
(15:52:10) msn: msn get PSM
(15:52:10) msn: Get CurrentMedia
(15:52:10) msn: No currentmedia string
(15:52:10) blist: Updating buddy status for zhengshuxin@hotmail.com (MSN)
(15:52:10) msn: S: NS 000: ILN 0 NLN kirk1368@hotmail.com 1 何俊松 2788999468 %3cmsnobj%20Creator%3d%22kirk1368%40hotmail.com%22%20Type%3d%223%22%20SHA1D%3d%22WliJzSCj1p0%2b9%2bBOKoKSC%2fcHKMk%3d%22%20Size%3d%2224040%22%20Location%3d%220%22%20Friendly%3d%22cVwwV%2bqBTIhmjwAA%22%2f%3e
(15:52:10) blist: Updating buddy status for kirk1368@hotmail.com (MSN)
(15:52:10) msn: S: NS 000: UBX kirk1368@hotmail.com 1 593
(15:52:10) msn: UBX received.
(15:52:10) msn: msn get PSM
(15:52:10) msn: Get CurrentMedia
(15:52:10) msn: Parsing currentmedia string: "WMP\0Music\00\0{0} - {1}\0\0\0\0\0"
(15:52:10) blist: Updating buddy status for kirk1368@hotmail.com (MSN)
(15:52:10) msn: S: NS 000: MSG Hotmail Hotmail 289
(15:52:10) msn: Processing MSG... 
(15:52:10) msn: <MD><E><I>1</I><IU>1</IU><O>0</O><OU>0</OU></E><Q><QTM>409600</QTM><QNM>204800</QNM></Q></MD>
(15:52:10) msn: queueing command.
(15:52:10) msn: C: NS 000: URL 14 INBOX
(15:52:10) msn: S: NS 000: UUX 13 0
(15:52:10) msn: UUX received.
(15:52:10) soap: read 844 bytes
(15:52:10) soap: current HTTP/1.1 200 OKCache-Control: private, max-age=0Content-Length: 636Content-Type: text/xml; charset=utf-8X-MSNSERVER: BY2CDP5013119X-AspNet-Version: 4.0.30319Date: Tue, 16 Aug 2011 07:51:56 GMT<?xml version="1.0" encoding="utf-8"?><soap:Envelope xmlns:soap="http://schemas.xmlsoap.org/soap/envelope/" xmlns:xsi="http://www.w3.org/2001/XMLSchema-instance" xmlns:xsd="http://www.w3.org/2001/XMLSchema"><soap:Header><ServiceHeader xmlns="http://www.msn.com/webservices/AddressBook"><Version>16.01.1802.0000</Version><CacheKeyChanged>false</CacheKeyChanged><PreferredHostName>proxy-bay.contacts.msn.com</PreferredHostName><SessionId>ABCH.5f55fcc7-b3b0-4eb8-a5b3-2ec9be310cc1</SessionId></ServiceHeader></soap:Header><soap:Body><ABContactUpdateResponse xmlns="http://www.msn.com/webservices/AddressBook" /></soap:Body></soap:Envelope>
(15:52:10) msn: Contact updated successfully
(15:52:10) msn: S: NS 000: ILN 0 NLN heshanlily@hotmail.com 1 和珊Lily 2788999484 %3cmsnobj%20Creator%3d%22heshanlily%40hotmail.com%22%20Size%3d%222805%22%20Type%3d%223%22%20SHA1D%3d%22uoywDzjoZ8XZmOQhx4y%2f6GeqF%2b0%3d%22%20Url%3d%22%22%20Url1%3d%22http%3a%2f%2fbyfiles.storage.msn.com%2fy1mBMQNiW0ewHoX0JFFTEwVA0SB9XPg_hoB_O2RH5JrIe7N6PALF-ijfS7z-2GP_9yKSgEupKBMQVmtzqACYpjg-Q%22%2f%3e
(15:52:10) msn: Discarding invalid msnobj: '<msnobj Creator="heshanlily@hotmail.com" Size="2805" Type="3" SHA1D="uoywDzjoZ8XZmOQhx4y/6GeqF+0=" Url="" Url1="http://byfiles.storage.msn.com/y1mBMQNiW0ewHoX0JFFTEwVA0SB9XPg_hoB_O2RH5JrIe7N6PALF-ijfS7z-2GP_9yKSgEupKBMQVmtzqACYpjg-Q"/>'
(15:52:10) blist: Updating buddy status for heshanlily@hotmail.com (MSN)
(15:52:10) msn: S: NS 000: UBX heshanlily@hotmail.com 1 773
(15:52:10) msn: UBX received.
(15:52:10) msn: msn get PSM
(15:52:10) msn: Get CurrentMedia
(15:52:10) msn: Parsing currentmedia string: "WMP\0Music\00\0{0} - {1}\0\0\0\0\0"
(15:52:10) blist: Updating buddy status for heshanlily@hotmail.com (MSN)
(15:52:10) msn: S: NS 000: ILN 0 NLN sun_ge@hotmail.com 1 革 2789003564 %3cmsnobj%20Creator%3d%22sun_ge%40hotmail.com%22%20Size%3d%2225288%22%20Type%3d%223%22%20SHA1D%3d%22dW0VZfrFH4igpqB%2baknu%2bYLVPQc%3d%22%20Url%3d%22%22%20Url1%3d%22http%3a%2f%2fblufiles.storage.msn.com%2fstatic%2f16%22%2f%3e
(15:52:10) msn: Discarding invalid msnobj: '<msnobj Creator="sun_ge@hotmail.com" Size="25288" Type="3" SHA1D="dW0VZfrFH4igpqB+aknu+YLVPQc=" Url="" Url1="http://blufiles.storage.msn.com/static/16"/>'
(15:52:10) blist: Updating buddy status for sun_ge@hotmail.com (MSN)
(15:52:10) msn: S: NS 000: UBX sun_ge@hotmail.com 1 672
(15:52:10) msn: UBX received.
(15:52:10) msn: msn get PSM
(15:52:10) msn: Get CurrentMedia
(15:52:10) msn: No currentmedia string
(15:52:10) blist: Updating buddy status for sun_ge@hotmail.com (MSN)
(15:52:10) msn: S: NS 000: ILN 0 NLN yu_do_do@hotmail.com 1 2011---顺%20顺%20顺___ 2789003564 0
(15:52:10) blist: Updating buddy status for yu_do_do@hotmail.com (MSN)
(15:52:10) msn: S: NS 000: UBX yu_do_do@hotmail.com 1 460
(15:52:10) msn: UBX received.
(15:52:10) msn: msn get PSM
(15:52:10) msn: Get CurrentMedia
(15:52:10) msn: Parsing currentmedia string: "WMP\0Music\00\0{0} - {1}\0\0\0\0\0"
(15:52:10) blist: Updating buddy status for yu_do_do@hotmail.com (MSN)
(15:52:10) msn: S: NS 000: URL 14 /cgi-bin/HoTMaiL https://login.live.com/ppsecure/md5auth.srf?lc=1033 0
(15:52:10) msn: unqueueing command.
(15:52:10) msn: Processing MSG... 
(15:52:10) msn: <MD><E><I>1</I><IU>1</IU><O>0</O><OU>0</OU></E><Q><QTM>409600</QTM><QNM>204800</QNM></Q></MD>
(15:52:14) util: Writing file accounts.xml to directory C:\Documents and Settings\zsx\Application Data\.purple
(15:52:14) util: Writing file C:\Documents and Settings\zsx\Application Data\.purple\accounts.xml
(15:52:14) util: Writing file blist.xml to directory C:\Documents and Settings\zsx\Application Data\.purple
(15:52:14) util: Writing file C:\Documents and Settings\zsx\Application Data\.purple\blist.xml
